# JRE version: Java(TM) SE Runtime Environment (10.0.1+10) (build 10.0.1+10)
# Java VM: Java HotSpot(TM) 64-Bit Server VM (10.0.1+10, mixed mode, tiered, compressed oops, g1 gc, bsd-amd64)
Heap:
 garbage-first heap   total 65536K, used 30138K [0x00000006c0000000, 0x00000007c0000000)
  region size 1024K, 14 young (14336K), 3 survivors (3072K)
 Metaspace       used 49760K, capacity 51413K, committed 51584K, reserved 1095680K
  class space    used 5633K, capacity 6248K, committed 6272K, reserved 1048576K
GC Heap History (10 events):
Event: 1.106 GC heap before
{Heap before GC invocations=3 (full 0):
 garbage-first heap   total 262144K, used 60730K [0x00000006c0000000, 0x00000007c0000000)
  region size 1024K, 58 young (59392K), 5 survivors (5120K)
 Metaspace       used 29486K, capacity 30176K, committed 30464K, reserved 1077248K
  class space    used 3271K, capacity 3534K, committed 3584K, reserved 1048576K
}
Event: 1.113 GC heap after
{Heap after GC invocations=4 (full 0):
 garbage-first heap   total 262144K, used 9547K [0x00000006c0000000, 0x00000007c0000000)
  region size 1024K, 6 young (6144K), 6 survivors (6144K)
 Metaspace       used 29486K, capacity 30176K, committed 30464K, reserved 1077248K
  class space    used 3271K, capacity 3534K, committed 3584K, reserved 1048576K
}
Event: 1.809 GC heap before
{Heap before GC invocations=4 (full 0):
 garbage-first heap   total 262144K, used 68939K [0x00000006c0000000, 0x00000007c0000000)
  region size 1024K, 65 young (66560K), 6 survivors (6144K)
 Metaspace       used 34866K, capacity 35711K, committed 35840K, reserved 1081344K
  class space    used 3906K, capacity 4224K, committed 4224K, reserved 1048576K
}
Event: 1.817 GC heap after
{Heap after GC invocations=5 (full 0):
 garbage-first heap   total 262144K, used 12910K [0x00000006c0000000, 0x00000007c0000000)
  region size 1024K, 9 young (9216K), 9 survivors (9216K)
 Metaspace       used 34866K, capacity 35711K, committed 35840K, reserved 1081344K
  class space    used 3906K, capacity 4224K, committed 4224K, reserved 1048576K
}
Event: 145.693 GC heap before
{Heap before GC invocations=6 (full 0):
 garbage-first heap   total 262144K, used 160366K [0x00000006c0000000, 0x00000007c0000000)
  region size 1024K, 153 young (156672K), 9 survivors (9216K)
 Metaspace       used 48862K, capacity 50410K, committed 50560K, reserved 1093632K
  class space    used 5577K, capacity 6167K, committed 6272K, reserved 1048576K
}
Event: 145.706 GC heap after
{Heap after GC invocations=7 (full 0):
 garbage-first heap   total 315392K, used 18245K [0x00000006c0000000, 0x00000007c0000000)
  region size 1024K, 14 young (14336K), 14 survivors (14336K)
 Metaspace       used 48862K, capacity 50410K, committed 50560K, reserved 1093632K
  class space    used 5577K, capacity 6167K, committed 6272K, reserved 1048576K
}
Event: 543.778 GC heap before
{Heap before GC invocations=7 (full 0):
 garbage-first heap   total 315392K, used 128837K [0x00000006c0000000, 0x00000007c0000000)
  region size 1024K, 123 young (125952K), 14 survivors (14336K)
 Metaspace       used 49530K, capacity 51133K, committed 51328K, reserved 1093632K
  class space    used 5623K, capacity 6234K, committed 6272K, reserved 1048576K
}
Event: 543.826 GC heap after
{Heap after GC invocations=8 (full 1):
 garbage-first heap   total 65536K, used 16826K [0x00000006c0000000, 0x00000007c0000000)
  region size 1024K, 0 young (0K), 0 survivors (0K)
 Metaspace       used 49530K, capacity 51133K, committed 51328K, reserved 1093632K
  class space    used 5623K, capacity 6234K, committed 6272K, reserved 1048576K
}
Event: 544.132 GC heap before
{Heap before GC invocations=8 (full 1):
 garbage-first heap   total 65536K, used 48570K [0x00000006c0000000, 0x00000007c0000000)
  region size 1024K, 31 young (31744K), 0 survivors (0K)
 Metaspace       used 49629K, capacity 51201K, committed 51328K, reserved 1093632K
  class space    used 5631K, capacity 6246K, committed 6272K, reserved 1048576K
}
Event: 544.135 GC heap after
{Heap after GC invocations=9 (full 1):
 garbage-first heap   total 65536K, used 19898K [0x00000006c0000000, 0x00000007c0000000)
  region size 1024K, 3 young (3072K), 3 survivors (3072K)
 Metaspace       used 49629K, capacity 51201K, committed 51328K, reserved 1093632K
  class space    used 5631K, capacity 6246K, committed 6272K, reserved 1048576K
}

